# JRE version: OpenJDK Runtime Environment (8.0_242) (build 1.8.0_242-release-1644-b3-6222593)
# Java VM: OpenJDK 64-Bit Server VM (25.242-b3-6222593 mixed mode linux-amd64 compressed oops)
Heap:
 PSYoungGen      total 262144K, used 184716K [0x00000000d5580000, 0x00000000e9880000, 0x0000000100000000)
  eden space 239104K, 71% used [0x00000000d5580000,0x00000000dfbad6d0,0x00000000e3f00000)
  from space 23040K, 63% used [0x00000000e3f00000,0x00000000e4d35cb0,0x00000000e5580000)
  to   space 23040K, 0% used [0x00000000e8200000,0x00000000e8200000,0x00000000e9880000)
 ParOldGen       total 142336K, used 30811K [0x0000000080000000, 0x0000000088b00000, 0x00000000d5580000)
  object space 142336K, 21% used [0x0000000080000000,0x0000000081e16e78,0x0000000088b00000)
 Metaspace       used 77782K, capacity 80248K, committed 80536K, reserved 1120256K
  class space    used 10052K, capacity 10571K, committed 10656K, reserved 1048576K
GC Heap History (10 events):
Event: 7.333 GC heap before
{Heap before GC invocations=8 (full 2):
 PSYoungGen      total 185856K, used 10462K [0x00000000d5580000, 0x00000000e1f00000, 0x0000000100000000)
  eden space 175104K, 0% used [0x00000000d5580000,0x00000000d5580000,0x00000000e0080000)
  from space 10752K, 97% used [0x00000000e1480000,0x00000000e1eb7ad8,0x00000000e1f00000)
  to   space 15360K, 0% used [0x00000000e0100000,0x00000000e0100000,0x00000000e1000000)
 ParOldGen       total 67072K, used 17714K [0x0000000080000000, 0x0000000084180000, 0x00000000d5580000)
  object space 67072K, 26% used [0x0000000080000000,0x000000008114c9a0,0x0000000084180000)
 Metaspace       used 34895K, capacity 35468K, committed 35496K, reserved 1079296K
  class space    used 4819K, capacity 5037K, committed 5040K, reserved 1048576K
Event: 7.412 GC heap after
Heap after GC invocations=8 (full 2):
 PSYoungGen      total 185856K, used 0K [0x00000000d5580000, 0x00000000e1f00000, 0x0000000100000000)
  eden space 175104K, 0% used [0x00000000d5580000,0x00000000d5580000,0x00000000e0080000)
  from space 10752K, 0% used [0x00000000e1480000,0x00000000e1480000,0x00000000e1f00000)
  to   space 15360K, 0% used [0x00000000e0100000,0x00000000e0100000,0x00000000e1000000)
 ParOldGen       total 101376K, used 17282K [0x0000000080000000, 0x0000000086300000, 0x00000000d5580000)
  object space 101376K, 17% used [0x0000000080000000,0x00000000810e0a50,0x0000000086300000)
 Metaspace       used 34884K, capacity 35432K, committed 35496K, reserved 1079296K
  class space    used 4816K, capacity 5031K, committed 5040K, reserved 1048576K
}
Event: 10.738 GC heap before
{Heap before GC invocations=9 (full 2):
 PSYoungGen      total 185856K, used 175104K [0x00000000d5580000, 0x00000000e1f00000, 0x0000000100000000)
  eden space 175104K, 100% used [0x00000000d5580000,0x00000000e0080000,0x00000000e0080000)
  from space 10752K, 0% used [0x00000000e1480000,0x00000000e1480000,0x00000000e1f00000)
  to   space 15360K, 0% used [0x00000000e0100000,0x00000000e0100000,0x00000000e1000000)
 ParOldGen       total 101376K, used 17282K [0x0000000080000000, 0x0000000086300000, 0x00000000d5580000)
  object space 101376K, 17% used [0x0000000080000000,0x00000000810e0a50,0x0000000086300000)
 Metaspace       used 51822K, capacity 53294K, committed 53544K, reserved 1095680K
  class space    used 7083K, capacity 7436K, committed 7472K, reserved 1048576K
Event: 10.757 GC heap after
Heap after GC invocations=9 (full 2):
 PSYoungGen      total 190976K, used 15340K [0x00000000d5580000, 0x00000000e6d00000, 0x0000000100000000)
  eden space 175616K, 0% used [0x00000000d5580000,0x00000000d5580000,0x00000000e0100000)
  from space 15360K, 99% used [0x00000000e0100000,0x00000000e0ffb000,0x00000000e1000000)
  to   space 20480K, 0% used [0x00000000e5900000,0x00000000e5900000,0x00000000e6d00000)
 ParOldGen       total 101376K, used 22191K [0x0000000080000000, 0x0000000086300000, 0x00000000d5580000)
  object space 101376K, 21% used [0x0000000080000000,0x00000000815abc30,0x0000000086300000)
 Metaspace       used 51822K, capacity 53294K, committed 53544K, reserved 1095680K
  class space    used 7083K, capacity 7436K, committed 7472K, reserved 1048576K
}
Event: 54.052 GC heap before
{Heap before GC invocations=10 (full 2):
 PSYoungGen      total 190976K, used 137632K [0x00000000d5580000, 0x00000000e6d00000, 0x0000000100000000)
  eden space 175616K, 69% used [0x00000000d5580000,0x00000000dcced208,0x00000000e0100000)
  from space 15360K, 99% used [0x00000000e0100000,0x00000000e0ffb000,0x00000000e1000000)
  to   space 20480K, 0% used [0x00000000e5900000,0x00000000e5900000,0x00000000e6d00000)
 ParOldGen       total 101376K, used 22191K [0x0000000080000000, 0x0000000086300000, 0x00000000d5580000)
  object space 101376K, 21% used [0x0000000080000000,0x00000000815abc30,0x0000000086300000)
 Metaspace       used 57252K, capacity 59008K, committed 59160K, reserved 1099776K
  class space    used 7701K, capacity 8117K, committed 8224K, reserved 1048576K
Event: 54.075 GC heap after
Heap after GC invocations=10 (full 2):
 PSYoungGen      total 253952K, used 18964K [0x00000000d5580000, 0x00000000e6c00000, 0x0000000100000000)
  eden space 234496K, 0% used [0x00000000d5580000,0x00000000d5580000,0x00000000e3a80000)
  from space 19456K, 97% used [0x00000000e5900000,0x00000000e6b852c8,0x00000000e6c00000)
  to   space 23040K, 0% used [0x00000000e3f00000,0x00000000e3f00000,0x00000000e5580000)
 ParOldGen       total 101376K, used 22199K [0x0000000080000000, 0x0000000086300000, 0x00000000d5580000)
  object space 101376K, 21% used [0x0000000080000000,0x00000000815adc30,0x0000000086300000)
 Metaspace       used 57252K, capacity 59008K, committed 59160K, reserved 1099776K
  class space    used 7701K, capacity 8117K, committed 8224K, reserved 1048576K
}
Event: 54.075 GC heap before
{Heap before GC invocations=11 (full 3):
 PSYoungGen      total 253952K, used 18964K [0x00000000d5580000, 0x00000000e6c00000, 0x0000000100000000)
  eden space 234496K, 0% used [0x00000000d5580000,0x00000000d5580000,0x00000000e3a80000)
  from space 19456K, 97% used [0x00000000e5900000,0x00000000e6b852c8,0x00000000e6c00000)
  to   space 23040K, 0% used [0x00000000e3f00000,0x00000000e3f00000,0x00000000e5580000)
 ParOldGen       total 101376K, used 22199K [0x0000000080000000, 0x0000000086300000, 0x00000000d5580000)
  object space 101376K, 21% used [0x0000000080000000,0x00000000815adc30,0x0000000086300000)
 Metaspace       used 57252K, capacity 59008K, committed 59160K, reserved 1099776K
  class space    used 7701K, capacity 8117K, committed 8224K, reserved 1048576K
Event: 54.267 GC heap after
Heap after GC invocations=11 (full 3):
 PSYoungGen      total 253952K, used 0K [0x00000000d5580000, 0x00000000e6c00000, 0x0000000100000000)
  eden space 234496K, 0% used [0x00000000d5580000,0x00000000d5580000,0x00000000e3a80000)
  from space 19456K, 0% used [0x00000000e5900000,0x00000000e5900000,0x00000000e6c00000)
  to   space 23040K, 0% used [0x00000000e3f00000,0x00000000e3f00000,0x00000000e5580000)
 ParOldGen       total 142336K, used 30803K [0x0000000080000000, 0x0000000088b00000, 0x00000000d5580000)
  object space 142336K, 21% used [0x0000000080000000,0x0000000081e14e78,0x0000000088b00000)
 Metaspace       used 57252K, capacity 59008K, committed 59160K, reserved 1099776K
  class space    used 7701K, capacity 8117K, committed 8224K, reserved 1048576K
}
Event: 61.383 GC heap before
{Heap before GC invocations=12 (full 3):
 PSYoungGen      total 253952K, used 234496K [0x00000000d5580000, 0x00000000e6c00000, 0x0000000100000000)
  eden space 234496K, 100% used [0x00000000d5580000,0x00000000e3a80000,0x00000000e3a80000)
  from space 19456K, 0% used [0x00000000e5900000,0x00000000e5900000,0x00000000e6c00000)
  to   space 23040K, 0% used [0x00000000e3f00000,0x00000000e3f00000,0x00000000e5580000)
 ParOldGen       total 142336K, used 30803K [0x0000000080000000, 0x0000000088b00000, 0x00000000d5580000)
  object space 142336K, 21% used [0x0000000080000000,0x0000000081e14e78,0x0000000088b00000)
 Metaspace       used 68464K, capacity 70634K, committed 70936K, reserved 1110016K
  class space    used 8971K, capacity 9446K, committed 9504K, reserved 1048576K
Event: 61.399 GC heap after
Heap after GC invocations=12 (full 3):
 PSYoungGen      total 262144K, used 14551K [0x00000000d5580000, 0x00000000e9880000, 0x0000000100000000)
  eden space 239104K, 0% used [0x00000000d5580000,0x00000000d5580000,0x00000000e3f00000)
  from space 23040K, 63% used [0x00000000e3f00000,0x00000000e4d35cb0,0x00000000e5580000)
  to   space 23040K, 0% used [0x00000000e8200000,0x00000000e8200000,0x00000000e9880000)
 ParOldGen       total 142336K, used 30811K [0x0000000080000000, 0x0000000088b00000, 0x00000000d5580000)
  object space 142336K, 21% used [0x0000000080000000,0x0000000081e16e78,0x0000000088b00000)
 Metaspace       used 68464K, capacity 70634K, committed 70936K, reserved 1110016K
  class space    used 8971K, capacity 9446K, committed 9504K, reserved 1048576K
}

