# JRE version: OpenJDK Runtime Environment (8.0_242-b01) (build 1.8.0_242-release-1644-b01)
# Java VM: OpenJDK 64-Bit Server VM (25.242-b01 mixed mode windows-amd64 compressed oops)
Heap:
 PSYoungGen      total 418304K, used 157410K [0x00000000d5580000, 0x00000000f2880000, 0x0000000100000000)
  eden space 381440K, 34% used [0x00000000d5580000,0x00000000dd697240,0x00000000eca00000)
  from space 36864K, 68% used [0x00000000eca00000,0x00000000ee2a1698,0x00000000eee00000)
  to   space 38400K, 0% used [0x00000000f0300000,0x00000000f0300000,0x00000000f2880000)
 ParOldGen       total 182272K, used 50514K [0x0000000080000000, 0x000000008b200000, 0x00000000d5580000)
  object space 182272K, 27% used [0x0000000080000000,0x0000000083154b18,0x000000008b200000)
 Metaspace       used 126431K, capacity 135330K, committed 135600K, reserved 1167360K
  class space    used 15961K, capacity 17538K, committed 17584K, reserved 1048576K
GC Heap History (10 events):
Event: 3224.375 GC heap before
{Heap before GC invocations=54 (full 5):
 PSYoungGen      total 441344K, used 406016K [0x00000000d5580000, 0x00000000f2800000, 0x0000000100000000)
  eden space 406016K, 100% used [0x00000000d5580000,0x00000000ee200000,0x00000000ee200000)
  from space 35328K, 0% used [0x00000000f0580000,0x00000000f0580000,0x00000000f2800000)
  to   space 35840K, 0% used [0x00000000ee200000,0x00000000ee200000,0x00000000f0500000)
 ParOldGen       total 182272K, used 50482K [0x0000000080000000, 0x000000008b200000, 0x00000000d5580000)
  object space 182272K, 27% used [0x0000000080000000,0x000000008314cb18,0x000000008b200000)
 Metaspace       used 120243K, capacity 128266K, committed 132016K, reserved 1163264K
  class space    used 15176K, capacity 16549K, committed 17328K, reserved 1048576K
Event: 3224.389 GC heap after
Heap after GC invocations=54 (full 5):
 PSYoungGen      total 441856K, used 6098K [0x00000000d5580000, 0x00000000f3a80000, 0x0000000100000000)
  eden space 406016K, 0% used [0x00000000d5580000,0x00000000d5580000,0x00000000ee200000)
  from space 35840K, 17% used [0x00000000ee200000,0x00000000ee7f4828,0x00000000f0500000)
  to   space 35328K, 0% used [0x00000000f1800000,0x00000000f1800000,0x00000000f3a80000)
 ParOldGen       total 182272K, used 50490K [0x0000000080000000, 0x000000008b200000, 0x00000000d5580000)
  object space 182272K, 27% used [0x0000000080000000,0x000000008314eb18,0x000000008b200000)
 Metaspace       used 120243K, capacity 128266K, committed 132016K, reserved 1163264K
  class space    used 15176K, capacity 16549K, committed 17328K, reserved 1048576K
}
Event: 5140.174 GC heap before
{Heap before GC invocations=55 (full 5):
 PSYoungGen      total 441856K, used 412114K [0x00000000d5580000, 0x00000000f3a80000, 0x0000000100000000)
  eden space 406016K, 100% used [0x00000000d5580000,0x00000000ee200000,0x00000000ee200000)
  from space 35840K, 17% used [0x00000000ee200000,0x00000000ee7f4828,0x00000000f0500000)
  to   space 35328K, 0% used [0x00000000f1800000,0x00000000f1800000,0x00000000f3a80000)
 ParOldGen       total 182272K, used 50490K [0x0000000080000000, 0x000000008b200000, 0x00000000d5580000)
  object space 182272K, 27% used [0x0000000080000000,0x000000008314eb18,0x000000008b200000)
 Metaspace       used 120609K, capacity 128724K, committed 132016K, reserved 1163264K
  class space    used 15203K, capacity 16600K, committed 17328K, reserved 1048576K
Event: 5140.193 GC heap after
Heap after GC invocations=55 (full 5):
 PSYoungGen      total 402432K, used 11383K [0x00000000d5580000, 0x00000000f2380000, 0x0000000100000000)
  eden space 390656K, 0% used [0x00000000d5580000,0x00000000d5580000,0x00000000ed300000)
  from space 11776K, 96% used [0x00000000f1800000,0x00000000f231dfc8,0x00000000f2380000)
  to   space 33792K, 0% used [0x00000000ee180000,0x00000000ee180000,0x00000000f0280000)
 ParOldGen       total 182272K, used 50498K [0x0000000080000000, 0x000000008b200000, 0x00000000d5580000)
  object space 182272K, 27% used [0x0000000080000000,0x0000000083150b18,0x000000008b200000)
 Metaspace       used 120609K, capacity 128724K, committed 132016K, reserved 1163264K
  class space    used 15203K, capacity 16600K, committed 17328K, reserved 1048576K
}
Event: 5521.196 GC heap before
{Heap before GC invocations=56 (full 5):
 PSYoungGen      total 402432K, used 402039K [0x00000000d5580000, 0x00000000f2380000, 0x0000000100000000)
  eden space 390656K, 100% used [0x00000000d5580000,0x00000000ed300000,0x00000000ed300000)
  from space 11776K, 96% used [0x00000000f1800000,0x00000000f231dfc8,0x00000000f2380000)
  to   space 33792K, 0% used [0x00000000ee180000,0x00000000ee180000,0x00000000f0280000)
 ParOldGen       total 182272K, used 50498K [0x0000000080000000, 0x000000008b200000, 0x00000000d5580000)
  object space 182272K, 27% used [0x0000000080000000,0x0000000083150b18,0x000000008b200000)
 Metaspace       used 126245K, capacity 134984K, committed 135088K, reserved 1167360K
  class space    used 15948K, capacity 17515K, committed 17584K, reserved 1048576K
Event: 5521.222 GC heap after
Heap after GC invocations=56 (full 5):
 PSYoungGen      total 396800K, used 20698K [0x00000000d5580000, 0x00000000f1880000, 0x0000000100000000)
  eden space 375808K, 0% used [0x00000000d5580000,0x00000000d5580000,0x00000000ec480000)
  from space 20992K, 98% used [0x00000000ee180000,0x00000000ef5b6ae0,0x00000000ef600000)
  to   space 34304K, 0% used [0x00000000ef700000,0x00000000ef700000,0x00000000f1880000)
 ParOldGen       total 182272K, used 50506K [0x0000000080000000, 0x000000008b200000, 0x00000000d5580000)
  object space 182272K, 27% used [0x0000000080000000,0x0000000083152b18,0x000000008b200000)
 Metaspace       used 126245K, capacity 134984K, committed 135088K, reserved 1167360K
  class space    used 15948K, capacity 17515K, committed 17584K, reserved 1048576K
}
Event: 5620.652 GC heap before
{Heap before GC invocations=57 (full 5):
 PSYoungGen      total 396800K, used 396506K [0x00000000d5580000, 0x00000000f1880000, 0x0000000100000000)
  eden space 375808K, 100% used [0x00000000d5580000,0x00000000ec480000,0x00000000ec480000)
  from space 20992K, 98% used [0x00000000ee180000,0x00000000ef5b6ae0,0x00000000ef600000)
  to   space 34304K, 0% used [0x00000000ef700000,0x00000000ef700000,0x00000000f1880000)
 ParOldGen       total 182272K, used 50506K [0x0000000080000000, 0x000000008b200000, 0x00000000d5580000)
  object space 182272K, 27% used [0x0000000080000000,0x0000000083152b18,0x000000008b200000)
 Metaspace       used 126404K, capacity 135318K, committed 135600K, reserved 1167360K
  class space    used 15960K, capacity 17538K, committed 17584K, reserved 1048576K
Event: 5620.730 GC heap after
Heap after GC invocations=57 (full 5):
 PSYoungGen      total 389632K, used 27451K [0x00000000d5580000, 0x00000000f1200000, 0x0000000100000000)
  eden space 361984K, 0% used [0x00000000d5580000,0x00000000d5580000,0x00000000eb700000)
  from space 27648K, 99% used [0x00000000ef700000,0x00000000f11cef88,0x00000000f1200000)
  to   space 36864K, 0% used [0x00000000eca00000,0x00000000eca00000,0x00000000eee00000)
 ParOldGen       total 182272K, used 50514K [0x0000000080000000, 0x000000008b200000, 0x00000000d5580000)
  object space 182272K, 27% used [0x0000000080000000,0x0000000083154b18,0x000000008b200000)
 Metaspace       used 126404K, capacity 135318K, committed 135600K, reserved 1167360K
  class space    used 15960K, capacity 17538K, committed 17584K, reserved 1048576K
}
Event: 5621.789 GC heap before
{Heap before GC invocations=58 (full 5):
 PSYoungGen      total 389632K, used 389435K [0x00000000d5580000, 0x00000000f1200000, 0x0000000100000000)
  eden space 361984K, 100% used [0x00000000d5580000,0x00000000eb700000,0x00000000eb700000)
  from space 27648K, 99% used [0x00000000ef700000,0x00000000f11cef88,0x00000000f1200000)
  to   space 36864K, 0% used [0x00000000eca00000,0x00000000eca00000,0x00000000eee00000)
 ParOldGen       total 182272K, used 50514K [0x0000000080000000, 0x000000008b200000, 0x00000000d5580000)
  object space 182272K, 27% used [0x0000000080000000,0x0000000083154b18,0x000000008b200000)
 Metaspace       used 126417K, capacity 135330K, committed 135600K, reserved 1167360K
  class space    used 15960K, capacity 17538K, committed 17584K, reserved 1048576K
Event: 5621.838 GC heap after
Heap after GC invocations=58 (full 5):
 PSYoungGen      total 418304K, used 25221K [0x00000000d5580000, 0x00000000f2880000, 0x0000000100000000)
  eden space 381440K, 0% used [0x00000000d5580000,0x00000000d5580000,0x00000000eca00000)
  from space 36864K, 68% used [0x00000000eca00000,0x00000000ee2a1698,0x00000000eee00000)
  to   space 38400K, 0% used [0x00000000f0300000,0x00000000f0300000,0x00000000f2880000)
 ParOldGen       total 182272K, used 50514K [0x0000000080000000, 0x000000008b200000, 0x00000000d5580000)
  object space 182272K, 27% used [0x0000000080000000,0x0000000083154b18,0x000000008b200000)
 Metaspace       used 126417K, capacity 135330K, committed 135600K, reserved 1167360K
  class space    used 15960K, capacity 17538K, committed 17584K, reserved 1048576K
}

